12/11/17 20:16:06 ******************************************************
12/11/17 20:16:06 ** condor_scheduniv_exec.130.0 (CONDOR_DAGMAN) STARTING UP
12/11/17 20:16:06 ** /usr/bin/condor_dagman
12/11/17 20:16:06 ** SubsystemInfo: name=DAGMAN type=DAGMAN(10) class=DAEMON(1)
12/11/17 20:16:06 ** Configuration: subsystem:DAGMAN local:<NONE> class:DAEMON
12/11/17 20:16:06 ** $CondorVersion: 8.4.2 Feb 22 2016 BuildID: Debian-8.4.2~dfsg.1-1build1 Debian-8.4.2~dfsg.1-1build1 $
12/11/17 20:16:06 ** $CondorPlatform: X86_64-Ubuntu_ $
12/11/17 20:16:06 ** PID = 1105611
12/11/17 20:16:06 ** Log last touched time unavailable (No such file or directory)
12/11/17 20:16:06 ******************************************************
12/11/17 20:16:06 Using config source: /etc/condor/condor_config
12/11/17 20:16:06 Using local config sources: 
12/11/17 20:16:06    /etc/condor/config.d/00debconf
12/11/17 20:16:06    /etc/condor/config.d/90-condor-head
12/11/17 20:16:06    /etc/condor/condor_config.local
12/11/17 20:16:06 config Macros = 66, Sorted = 66, StringBytes = 2093, TablesBytes = 2440
12/11/17 20:16:06 CLASSAD_CACHING is ENABLED
12/11/17 20:16:06 Daemon Log is logging: D_ALWAYS D_ERROR
12/11/17 20:16:06 DaemonCore: No command port requested.
12/11/17 20:16:06 DAGMAN_USE_STRICT setting: 1
12/11/17 20:16:06 DAGMAN_VERBOSITY setting: 3
12/11/17 20:16:06 DAGMAN_DEBUG_CACHE_SIZE setting: 5242880
12/11/17 20:16:06 DAGMAN_DEBUG_CACHE_ENABLE setting: False
12/11/17 20:16:06 DAGMAN_SUBMIT_DELAY setting: 0
12/11/17 20:16:06 DAGMAN_MAX_SUBMIT_ATTEMPTS setting: 6
12/11/17 20:16:06 DAGMAN_STARTUP_CYCLE_DETECT setting: False
12/11/17 20:16:06 DAGMAN_MAX_SUBMITS_PER_INTERVAL setting: 5
12/11/17 20:16:06 DAGMAN_USER_LOG_SCAN_INTERVAL setting: 5
12/11/17 20:16:06 DAGMAN_DEFAULT_PRIORITY setting: 0
12/11/17 20:16:06 DAGMAN_SUPPRESS_NOTIFICATION setting: True
12/11/17 20:16:06 allow_events (DAGMAN_ALLOW_EVENTS) setting: 114
12/11/17 20:16:06 DAGMAN_RETRY_SUBMIT_FIRST setting: True
12/11/17 20:16:06 DAGMAN_RETRY_NODE_FIRST setting: False
12/11/17 20:16:06 DAGMAN_MAX_JOBS_IDLE setting: 1000
12/11/17 20:16:06 DAGMAN_MAX_JOBS_SUBMITTED setting: 0
12/11/17 20:16:06 DAGMAN_MAX_PRE_SCRIPTS setting: 20
12/11/17 20:16:06 DAGMAN_MAX_POST_SCRIPTS setting: 20
12/11/17 20:16:06 DAGMAN_ALLOW_LOG_ERROR setting: False
12/11/17 20:16:06 DAGMAN_MUNGE_NODE_NAMES setting: True
12/11/17 20:16:06 DAGMAN_PROHIBIT_MULTI_JOBS setting: False
12/11/17 20:16:06 DAGMAN_SUBMIT_DEPTH_FIRST setting: False
12/11/17 20:16:06 DAGMAN_ALWAYS_RUN_POST setting: True
12/11/17 20:16:06 DAGMAN_ABORT_DUPLICATES setting: True
12/11/17 20:16:06 DAGMAN_ABORT_ON_SCARY_SUBMIT setting: True
12/11/17 20:16:06 DAGMAN_PENDING_REPORT_INTERVAL setting: 600
12/11/17 20:16:06 DAGMAN_AUTO_RESCUE setting: True
12/11/17 20:16:06 DAGMAN_MAX_RESCUE_NUM setting: 100
12/11/17 20:16:06 DAGMAN_WRITE_PARTIAL_RESCUE setting: True
12/11/17 20:16:06 DAGMAN_DEFAULT_NODE_LOG setting: @(DAG_DIR)/@(DAG_FILE).nodes.log
12/11/17 20:16:06 DAGMAN_GENERATE_SUBDAG_SUBMITS setting: True
12/11/17 20:16:06 DAGMAN_MAX_JOB_HOLDS setting: 100
12/11/17 20:16:06 DAGMAN_HOLD_CLAIM_TIME setting: 20
12/11/17 20:16:06 ALL_DEBUG setting: 
12/11/17 20:16:06 DAGMAN_DEBUG setting: 
12/11/17 20:16:06 DAGMAN_SUPPRESS_JOB_LOGS setting: False
12/11/17 20:16:06 argv[0] == "condor_scheduniv_exec.130.0"
12/11/17 20:16:06 argv[1] == "-Lockfile"
12/11/17 20:16:06 argv[2] == "audiotrack.dag.lock"
12/11/17 20:16:06 argv[3] == "-AutoRescue"
12/11/17 20:16:06 argv[4] == "1"
12/11/17 20:16:06 argv[5] == "-DoRescueFrom"
12/11/17 20:16:06 argv[6] == "0"
12/11/17 20:16:06 argv[7] == "-Dag"
12/11/17 20:16:06 argv[8] == "audiotrack.dag"
12/11/17 20:16:06 argv[9] == "-Suppress_notification"
12/11/17 20:16:06 argv[10] == "-CsdVersion"
12/11/17 20:16:06 argv[11] == "$CondorVersion: 8.4.2 Feb 22 2016 BuildID: Debian-8.4.2~dfsg.1-1build1 Debian-8.4.2~dfsg.1-1build1 $"
12/11/17 20:16:06 argv[12] == "-Dagman"
12/11/17 20:16:06 argv[13] == "/usr/bin/condor_dagman"
12/11/17 20:16:06 Warning: failed to get attribute DAGNodeName
12/11/17 20:16:06 Default node log file is: </home/ubuntu/project/./audiotrack.dag.nodes.log>
12/11/17 20:16:06 DAG Lockfile will be written to audiotrack.dag.lock
12/11/17 20:16:06 DAG Input file is audiotrack.dag
12/11/17 20:16:06 Parsing 1 dagfiles
12/11/17 20:16:06 Parsing audiotrack.dag ...
12/11/17 20:16:06 Dag contains 4 total jobs
12/11/17 20:16:06 Sleeping for 3 seconds to ensure ProcessId uniqueness
12/11/17 20:16:09 Bootstrapping...
12/11/17 20:16:09 Number of pre-completed nodes: 0
12/11/17 20:16:09 MultiLogFiles: truncating log file /home/ubuntu/project/./audiotrack.dag.nodes.log
12/11/17 20:16:09 DAG status: 0 (DAG_STATUS_OK)
12/11/17 20:16:09 Of 4 nodes total:
12/11/17 20:16:09  Done     Pre   Queued    Post   Ready   Un-Ready   Failed
12/11/17 20:16:09   ===     ===      ===     ===     ===        ===      ===
12/11/17 20:16:09     0       0        0       0       1          3        0
12/11/17 20:16:09 0 job proc(s) currently held
12/11/17 20:16:10 Registering condor_event_timer...
12/11/17 20:16:11 Submitting Condor Node A job(s)...
12/11/17 20:16:11 Adding a DAGMan workflow log /home/ubuntu/project/./audiotrack.dag.nodes.log
12/11/17 20:16:11 Masking the events recorded in the DAGMAN workflow log
12/11/17 20:16:11 Mask for workflow log is 0,1,2,4,5,7,9,10,11,12,13,16,17,24,27
12/11/17 20:16:11 submitting: /usr/bin/condor_submit -a dag_node_name' '=' 'A -a +DAGManJobId' '=' '130 -a DAGManJobId' '=' '130 -a submit_event_notes' '=' 'DAG' 'Node:' 'A -a dagman_log' '=' '/home/ubuntu/project/./audiotrack.dag.nodes.log -a +DAGManNodesMask' '=' '"0,1,2,4,5,7,9,10,11,12,13,16,17,24,27" -a DAG_STATUS' '=' '0 -a FAILED_COUNT' '=' '0 -a +DAGParentNodeNames' '=' '"" -a +KeepClaimIdle' '=' '20 -a notification' '=' 'never split.submit
12/11/17 20:16:11 From submit: Submitting job(s).
12/11/17 20:16:11 From submit: 1 job(s) submitted to cluster 131.
12/11/17 20:16:11 	assigned Condor ID (131.0.0)
12/11/17 20:16:11 Just submitted 1 job this cycle...
12/11/17 20:16:11 Currently monitoring 1 Condor log file(s)
12/11/17 20:16:11 Reassigning the id of job A from (131.0.0) to (131.0.0)
12/11/17 20:16:11 Event: ULOG_SUBMIT for Condor Node A (131.0.0)
12/11/17 20:16:11 Number of idle job procs: 1
12/11/17 20:16:11 DAG status: 0 (DAG_STATUS_OK)
12/11/17 20:16:11 Of 4 nodes total:
12/11/17 20:16:11  Done     Pre   Queued    Post   Ready   Un-Ready   Failed
12/11/17 20:16:11   ===     ===      ===     ===     ===        ===      ===
12/11/17 20:16:11     0       0        1       0       0          3        0
12/11/17 20:16:11 0 job proc(s) currently held
12/11/17 20:16:31 Currently monitoring 1 Condor log file(s)
12/11/17 20:16:31 Event: ULOG_EXECUTE for Condor Node A (131.0.0)
12/11/17 20:16:31 Number of idle job procs: 0
12/11/17 20:16:31 Event: ULOG_JOB_TERMINATED for Condor Node A (131.0.0)
12/11/17 20:16:31 Number of idle job procs: 0
12/11/17 20:16:31 Node A job proc (131.0.0) completed successfully.
12/11/17 20:16:31 Node A job completed
12/11/17 20:16:31 DAG status: 0 (DAG_STATUS_OK)
12/11/17 20:16:31 Of 4 nodes total:
12/11/17 20:16:31  Done     Pre   Queued    Post   Ready   Un-Ready   Failed
12/11/17 20:16:31   ===     ===      ===     ===     ===        ===      ===
12/11/17 20:16:31     1       0        0       0       1          2        0
12/11/17 20:16:31 0 job proc(s) currently held
12/11/17 20:16:36 Submitting Condor Node B job(s)...
12/11/17 20:16:36 Adding a DAGMan workflow log /home/ubuntu/project/./audiotrack.dag.nodes.log
12/11/17 20:16:36 Masking the events recorded in the DAGMAN workflow log
12/11/17 20:16:36 Mask for workflow log is 0,1,2,4,5,7,9,10,11,12,13,16,17,24,27
12/11/17 20:16:36 submitting: /usr/bin/condor_submit -a dag_node_name' '=' 'B -a +DAGManJobId' '=' '130 -a DAGManJobId' '=' '130 -a submit_event_notes' '=' 'DAG' 'Node:' 'B -a dagman_log' '=' '/home/ubuntu/project/./audiotrack.dag.nodes.log -a +DAGManNodesMask' '=' '"0,1,2,4,5,7,9,10,11,12,13,16,17,24,27" -a DAG_STATUS' '=' '0 -a FAILED_COUNT' '=' '0 -a +DAGParentNodeNames' '=' '"A" -a +KeepClaimIdle' '=' '20 -a notification' '=' 'never search.submit
12/11/17 20:16:36 From submit: Submitting job(s)..........................................................................................
12/11/17 20:16:36 From submit: 90 job(s) submitted to cluster 132.
12/11/17 20:16:36 	assigned Condor ID (132.0.0)
12/11/17 20:16:36 Just submitted 1 job this cycle...
12/11/17 20:16:36 Currently monitoring 1 Condor log file(s)
12/11/17 20:16:36 Reassigning the id of job B from (132.0.0) to (132.0.0)
12/11/17 20:16:36 Event: ULOG_SUBMIT for Condor Node B (132.0.0)
12/11/17 20:16:36 Number of idle job procs: 1
12/11/17 20:16:36 Reassigning the id of job B from (132.0.0) to (132.1.0)
12/11/17 20:16:36 Event: ULOG_SUBMIT for Condor Node B (132.1.0)
12/11/17 20:16:36 Number of idle job procs: 2
12/11/17 20:16:36 Reassigning the id of job B from (132.1.0) to (132.2.0)
12/11/17 20:16:36 Event: ULOG_SUBMIT for Condor Node B (132.2.0)
12/11/17 20:16:36 Number of idle job procs: 3
12/11/17 20:16:36 Reassigning the id of job B from (132.2.0) to (132.3.0)
12/11/17 20:16:36 Event: ULOG_SUBMIT for Condor Node B (132.3.0)
12/11/17 20:16:36 Number of idle job procs: 4
12/11/17 20:16:36 Reassigning the id of job B from (132.3.0) to (132.4.0)
12/11/17 20:16:36 Event: ULOG_SUBMIT for Condor Node B (132.4.0)
12/11/17 20:16:36 Number of idle job procs: 5
12/11/17 20:16:36 Reassigning the id of job B from (132.4.0) to (132.5.0)
12/11/17 20:16:36 Event: ULOG_SUBMIT for Condor Node B (132.5.0)
12/11/17 20:16:36 Number of idle job procs: 6
12/11/17 20:16:36 Reassigning the id of job B from (132.5.0) to (132.6.0)
12/11/17 20:16:36 Event: ULOG_SUBMIT for Condor Node B (132.6.0)
12/11/17 20:16:36 Number of idle job procs: 7
12/11/17 20:16:36 Reassigning the id of job B from (132.6.0) to (132.7.0)
12/11/17 20:16:36 Event: ULOG_SUBMIT for Condor Node B (132.7.0)
12/11/17 20:16:36 Number of idle job procs: 8
12/11/17 20:16:36 Reassigning the id of job B from (132.7.0) to (132.8.0)
12/11/17 20:16:36 Event: ULOG_SUBMIT for Condor Node B (132.8.0)
12/11/17 20:16:36 Number of idle job procs: 9
12/11/17 20:16:36 Reassigning the id of job B from (132.8.0) to (132.9.0)
12/11/17 20:16:36 Event: ULOG_SUBMIT for Condor Node B (132.9.0)
12/11/17 20:16:36 Number of idle job procs: 10
12/11/17 20:16:36 Reassigning the id of job B from (132.9.0) to (132.10.0)
12/11/17 20:16:36 Event: ULOG_SUBMIT for Condor Node B (132.10.0)
12/11/17 20:16:36 Number of idle job procs: 11
12/11/17 20:16:36 Reassigning the id of job B from (132.10.0) to (132.11.0)
12/11/17 20:16:36 Event: ULOG_SUBMIT for Condor Node B (132.11.0)
12/11/17 20:16:36 Number of idle job procs: 12
12/11/17 20:16:36 Reassigning the id of job B from (132.11.0) to (132.12.0)
12/11/17 20:16:36 Event: ULOG_SUBMIT for Condor Node B (132.12.0)
12/11/17 20:16:36 Number of idle job procs: 13
12/11/17 20:16:36 Reassigning the id of job B from (132.12.0) to (132.13.0)
12/11/17 20:16:36 Event: ULOG_SUBMIT for Condor Node B (132.13.0)
12/11/17 20:16:36 Number of idle job procs: 14
12/11/17 20:16:36 Reassigning the id of job B from (132.13.0) to (132.14.0)
12/11/17 20:16:36 Event: ULOG_SUBMIT for Condor Node B (132.14.0)
12/11/17 20:16:36 Number of idle job procs: 15
12/11/17 20:16:36 Reassigning the id of job B from (132.14.0) to (132.15.0)
12/11/17 20:16:36 Event: ULOG_SUBMIT for Condor Node B (132.15.0)
12/11/17 20:16:36 Number of idle job procs: 16
12/11/17 20:16:36 Reassigning the id of job B from (132.15.0) to (132.16.0)
12/11/17 20:16:36 Event: ULOG_SUBMIT for Condor Node B (132.16.0)
12/11/17 20:16:36 Number of idle job procs: 17
12/11/17 20:16:36 Reassigning the id of job B from (132.16.0) to (132.17.0)
12/11/17 20:16:36 Event: ULOG_SUBMIT for Condor Node B (132.17.0)
12/11/17 20:16:36 Number of idle job procs: 18
12/11/17 20:16:36 Reassigning the id of job B from (132.17.0) to (132.18.0)
12/11/17 20:16:36 Event: ULOG_SUBMIT for Condor Node B (132.18.0)
12/11/17 20:16:36 Number of idle job procs: 19
12/11/17 20:16:36 Reassigning the id of job B from (132.18.0) to (132.19.0)
12/11/17 20:16:36 Event: ULOG_SUBMIT for Condor Node B (132.19.0)
12/11/17 20:16:36 Number of idle job procs: 20
12/11/17 20:16:36 Reassigning the id of job B from (132.19.0) to (132.20.0)
12/11/17 20:16:36 Event: ULOG_SUBMIT for Condor Node B (132.20.0)
12/11/17 20:16:36 Number of idle job procs: 21
12/11/17 20:16:36 Reassigning the id of job B from (132.20.0) to (132.21.0)
12/11/17 20:16:36 Event: ULOG_SUBMIT for Condor Node B (132.21.0)
12/11/17 20:16:36 Number of idle job procs: 22
12/11/17 20:16:36 Reassigning the id of job B from (132.21.0) to (132.22.0)
12/11/17 20:16:36 Event: ULOG_SUBMIT for Condor Node B (132.22.0)
12/11/17 20:16:36 Number of idle job procs: 23
12/11/17 20:16:36 Reassigning the id of job B from (132.22.0) to (132.23.0)
12/11/17 20:16:36 Event: ULOG_SUBMIT for Condor Node B (132.23.0)
12/11/17 20:16:36 Number of idle job procs: 24
12/11/17 20:16:36 Reassigning the id of job B from (132.23.0) to (132.24.0)
12/11/17 20:16:36 Event: ULOG_SUBMIT for Condor Node B (132.24.0)
12/11/17 20:16:36 Number of idle job procs: 25
12/11/17 20:16:36 Reassigning the id of job B from (132.24.0) to (132.25.0)
12/11/17 20:16:36 Event: ULOG_SUBMIT for Condor Node B (132.25.0)
12/11/17 20:16:36 Number of idle job procs: 26
12/11/17 20:16:36 Reassigning the id of job B from (132.25.0) to (132.26.0)
12/11/17 20:16:36 Event: ULOG_SUBMIT for Condor Node B (132.26.0)
12/11/17 20:16:36 Number of idle job procs: 27
12/11/17 20:16:36 Reassigning the id of job B from (132.26.0) to (132.27.0)
12/11/17 20:16:36 Event: ULOG_SUBMIT for Condor Node B (132.27.0)
12/11/17 20:16:36 Number of idle job procs: 28
12/11/17 20:16:36 Reassigning the id of job B from (132.27.0) to (132.28.0)
12/11/17 20:16:36 Event: ULOG_SUBMIT for Condor Node B (132.28.0)
12/11/17 20:16:36 Number of idle job procs: 29
12/11/17 20:16:36 Reassigning the id of job B from (132.28.0) to (132.29.0)
12/11/17 20:16:36 Event: ULOG_SUBMIT for Condor Node B (132.29.0)
12/11/17 20:16:36 Number of idle job procs: 30
12/11/17 20:16:36 Reassigning the id of job B from (132.29.0) to (132.30.0)
12/11/17 20:16:36 Event: ULOG_SUBMIT for Condor Node B (132.30.0)
12/11/17 20:16:36 Number of idle job procs: 31
12/11/17 20:16:36 Reassigning the id of job B from (132.30.0) to (132.31.0)
12/11/17 20:16:36 Event: ULOG_SUBMIT for Condor Node B (132.31.0)
12/11/17 20:16:36 Number of idle job procs: 32
12/11/17 20:16:36 Reassigning the id of job B from (132.31.0) to (132.32.0)
12/11/17 20:16:36 Event: ULOG_SUBMIT for Condor Node B (132.32.0)
12/11/17 20:16:36 Number of idle job procs: 33
12/11/17 20:16:36 Reassigning the id of job B from (132.32.0) to (132.33.0)
12/11/17 20:16:36 Event: ULOG_SUBMIT for Condor Node B (132.33.0)
12/11/17 20:16:36 Number of idle job procs: 34
12/11/17 20:16:36 Reassigning the id of job B from (132.33.0) to (132.34.0)
12/11/17 20:16:36 Event: ULOG_SUBMIT for Condor Node B (132.34.0)
12/11/17 20:16:36 Number of idle job procs: 35
12/11/17 20:16:36 Reassigning the id of job B from (132.34.0) to (132.35.0)
12/11/17 20:16:36 Event: ULOG_SUBMIT for Condor Node B (132.35.0)
12/11/17 20:16:36 Number of idle job procs: 36
12/11/17 20:16:36 Reassigning the id of job B from (132.35.0) to (132.36.0)
12/11/17 20:16:36 Event: ULOG_SUBMIT for Condor Node B (132.36.0)
12/11/17 20:16:36 Number of idle job procs: 37
12/11/17 20:16:36 Reassigning the id of job B from (132.36.0) to (132.37.0)
12/11/17 20:16:36 Event: ULOG_SUBMIT for Condor Node B (132.37.0)
12/11/17 20:16:36 Number of idle job procs: 38
12/11/17 20:16:36 Reassigning the id of job B from (132.37.0) to (132.38.0)
12/11/17 20:16:36 Event: ULOG_SUBMIT for Condor Node B (132.38.0)
12/11/17 20:16:36 Number of idle job procs: 39
12/11/17 20:16:36 Reassigning the id of job B from (132.38.0) to (132.39.0)
12/11/17 20:16:36 Event: ULOG_SUBMIT for Condor Node B (132.39.0)
12/11/17 20:16:36 Number of idle job procs: 40
12/11/17 20:16:36 Reassigning the id of job B from (132.39.0) to (132.40.0)
12/11/17 20:16:36 Event: ULOG_SUBMIT for Condor Node B (132.40.0)
12/11/17 20:16:36 Number of idle job procs: 41
12/11/17 20:16:36 Reassigning the id of job B from (132.40.0) to (132.41.0)
12/11/17 20:16:36 Event: ULOG_SUBMIT for Condor Node B (132.41.0)
12/11/17 20:16:36 Number of idle job procs: 42
12/11/17 20:16:36 Reassigning the id of job B from (132.41.0) to (132.42.0)
12/11/17 20:16:36 Event: ULOG_SUBMIT for Condor Node B (132.42.0)
12/11/17 20:16:36 Number of idle job procs: 43
12/11/17 20:16:36 Reassigning the id of job B from (132.42.0) to (132.43.0)
12/11/17 20:16:36 Event: ULOG_SUBMIT for Condor Node B (132.43.0)
12/11/17 20:16:36 Number of idle job procs: 44
12/11/17 20:16:36 Reassigning the id of job B from (132.43.0) to (132.44.0)
12/11/17 20:16:36 Event: ULOG_SUBMIT for Condor Node B (132.44.0)
12/11/17 20:16:36 Number of idle job procs: 45
12/11/17 20:16:36 Reassigning the id of job B from (132.44.0) to (132.45.0)
12/11/17 20:16:36 Event: ULOG_SUBMIT for Condor Node B (132.45.0)
12/11/17 20:16:36 Number of idle job procs: 46
12/11/17 20:16:36 Reassigning the id of job B from (132.45.0) to (132.46.0)
12/11/17 20:16:36 Event: ULOG_SUBMIT for Condor Node B (132.46.0)
12/11/17 20:16:36 Number of idle job procs: 47
12/11/17 20:16:36 Reassigning the id of job B from (132.46.0) to (132.47.0)
12/11/17 20:16:36 Event: ULOG_SUBMIT for Condor Node B (132.47.0)
12/11/17 20:16:36 Number of idle job procs: 48
12/11/17 20:16:36 Reassigning the id of job B from (132.47.0) to (132.48.0)
12/11/17 20:16:36 Event: ULOG_SUBMIT for Condor Node B (132.48.0)
12/11/17 20:16:36 Number of idle job procs: 49
12/11/17 20:16:36 Reassigning the id of job B from (132.48.0) to (132.49.0)
12/11/17 20:16:36 Event: ULOG_SUBMIT for Condor Node B (132.49.0)
12/11/17 20:16:36 Number of idle job procs: 50
12/11/17 20:16:36 Reassigning the id of job B from (132.49.0) to (132.50.0)
12/11/17 20:16:36 Event: ULOG_SUBMIT for Condor Node B (132.50.0)
12/11/17 20:16:36 Number of idle job procs: 51
12/11/17 20:16:36 Reassigning the id of job B from (132.50.0) to (132.51.0)
12/11/17 20:16:36 Event: ULOG_SUBMIT for Condor Node B (132.51.0)
12/11/17 20:16:36 Number of idle job procs: 52
12/11/17 20:16:36 Reassigning the id of job B from (132.51.0) to (132.52.0)
12/11/17 20:16:36 Event: ULOG_SUBMIT for Condor Node B (132.52.0)
12/11/17 20:16:36 Number of idle job procs: 53
12/11/17 20:16:36 Reassigning the id of job B from (132.52.0) to (132.53.0)
12/11/17 20:16:36 Event: ULOG_SUBMIT for Condor Node B (132.53.0)
12/11/17 20:16:36 Number of idle job procs: 54
12/11/17 20:16:36 Reassigning the id of job B from (132.53.0) to (132.54.0)
12/11/17 20:16:36 Event: ULOG_SUBMIT for Condor Node B (132.54.0)
12/11/17 20:16:36 Number of idle job procs: 55
12/11/17 20:16:36 Reassigning the id of job B from (132.54.0) to (132.55.0)
12/11/17 20:16:36 Event: ULOG_SUBMIT for Condor Node B (132.55.0)
12/11/17 20:16:36 Number of idle job procs: 56
12/11/17 20:16:36 Reassigning the id of job B from (132.55.0) to (132.56.0)
12/11/17 20:16:36 Event: ULOG_SUBMIT for Condor Node B (132.56.0)
12/11/17 20:16:36 Number of idle job procs: 57
12/11/17 20:16:36 Reassigning the id of job B from (132.56.0) to (132.57.0)
12/11/17 20:16:36 Event: ULOG_SUBMIT for Condor Node B (132.57.0)
12/11/17 20:16:36 Number of idle job procs: 58
12/11/17 20:16:36 Reassigning the id of job B from (132.57.0) to (132.58.0)
12/11/17 20:16:36 Event: ULOG_SUBMIT for Condor Node B (132.58.0)
12/11/17 20:16:36 Number of idle job procs: 59
12/11/17 20:16:36 Reassigning the id of job B from (132.58.0) to (132.59.0)
12/11/17 20:16:36 Event: ULOG_SUBMIT for Condor Node B (132.59.0)
12/11/17 20:16:36 Number of idle job procs: 60
12/11/17 20:16:36 Reassigning the id of job B from (132.59.0) to (132.60.0)
12/11/17 20:16:36 Event: ULOG_SUBMIT for Condor Node B (132.60.0)
12/11/17 20:16:36 Number of idle job procs: 61
12/11/17 20:16:36 Reassigning the id of job B from (132.60.0) to (132.61.0)
12/11/17 20:16:36 Event: ULOG_SUBMIT for Condor Node B (132.61.0)
12/11/17 20:16:36 Number of idle job procs: 62
12/11/17 20:16:36 Reassigning the id of job B from (132.61.0) to (132.62.0)
12/11/17 20:16:36 Event: ULOG_SUBMIT for Condor Node B (132.62.0)
12/11/17 20:16:36 Number of idle job procs: 63
12/11/17 20:16:36 Reassigning the id of job B from (132.62.0) to (132.63.0)
12/11/17 20:16:36 Event: ULOG_SUBMIT for Condor Node B (132.63.0)
12/11/17 20:16:36 Number of idle job procs: 64
12/11/17 20:16:36 Reassigning the id of job B from (132.63.0) to (132.64.0)
12/11/17 20:16:36 Event: ULOG_SUBMIT for Condor Node B (132.64.0)
12/11/17 20:16:36 Number of idle job procs: 65
12/11/17 20:16:36 Reassigning the id of job B from (132.64.0) to (132.65.0)
12/11/17 20:16:36 Event: ULOG_SUBMIT for Condor Node B (132.65.0)
12/11/17 20:16:36 Number of idle job procs: 66
12/11/17 20:16:36 Reassigning the id of job B from (132.65.0) to (132.66.0)
12/11/17 20:16:36 Event: ULOG_SUBMIT for Condor Node B (132.66.0)
12/11/17 20:16:36 Number of idle job procs: 67
12/11/17 20:16:36 Reassigning the id of job B from (132.66.0) to (132.67.0)
12/11/17 20:16:36 Event: ULOG_SUBMIT for Condor Node B (132.67.0)
12/11/17 20:16:36 Number of idle job procs: 68
12/11/17 20:16:36 Reassigning the id of job B from (132.67.0) to (132.68.0)
12/11/17 20:16:36 Event: ULOG_SUBMIT for Condor Node B (132.68.0)
12/11/17 20:16:36 Number of idle job procs: 69
12/11/17 20:16:36 Reassigning the id of job B from (132.68.0) to (132.69.0)
12/11/17 20:16:36 Event: ULOG_SUBMIT for Condor Node B (132.69.0)
12/11/17 20:16:36 Number of idle job procs: 70
12/11/17 20:16:36 Reassigning the id of job B from (132.69.0) to (132.70.0)
12/11/17 20:16:36 Event: ULOG_SUBMIT for Condor Node B (132.70.0)
12/11/17 20:16:36 Number of idle job procs: 71
12/11/17 20:16:36 Reassigning the id of job B from (132.70.0) to (132.71.0)
12/11/17 20:16:36 Event: ULOG_SUBMIT for Condor Node B (132.71.0)
12/11/17 20:16:36 Number of idle job procs: 72
12/11/17 20:16:36 Reassigning the id of job B from (132.71.0) to (132.72.0)
12/11/17 20:16:36 Event: ULOG_SUBMIT for Condor Node B (132.72.0)
12/11/17 20:16:36 Number of idle job procs: 73
12/11/17 20:16:36 Reassigning the id of job B from (132.72.0) to (132.73.0)
12/11/17 20:16:36 Event: ULOG_SUBMIT for Condor Node B (132.73.0)
12/11/17 20:16:36 Number of idle job procs: 74
12/11/17 20:16:36 Reassigning the id of job B from (132.73.0) to (132.74.0)
12/11/17 20:16:36 Event: ULOG_SUBMIT for Condor Node B (132.74.0)
12/11/17 20:16:36 Number of idle job procs: 75
12/11/17 20:16:36 Reassigning the id of job B from (132.74.0) to (132.75.0)
12/11/17 20:16:36 Event: ULOG_SUBMIT for Condor Node B (132.75.0)
12/11/17 20:16:36 Number of idle job procs: 76
12/11/17 20:16:36 Reassigning the id of job B from (132.75.0) to (132.76.0)
12/11/17 20:16:36 Event: ULOG_SUBMIT for Condor Node B (132.76.0)
12/11/17 20:16:36 Number of idle job procs: 77
12/11/17 20:16:36 Reassigning the id of job B from (132.76.0) to (132.77.0)
12/11/17 20:16:36 Event: ULOG_SUBMIT for Condor Node B (132.77.0)
12/11/17 20:16:36 Number of idle job procs: 78
12/11/17 20:16:36 Reassigning the id of job B from (132.77.0) to (132.78.0)
12/11/17 20:16:36 Event: ULOG_SUBMIT for Condor Node B (132.78.0)
12/11/17 20:16:36 Number of idle job procs: 79
12/11/17 20:16:36 Reassigning the id of job B from (132.78.0) to (132.79.0)
12/11/17 20:16:36 Event: ULOG_SUBMIT for Condor Node B (132.79.0)
12/11/17 20:16:36 Number of idle job procs: 80
12/11/17 20:16:36 Reassigning the id of job B from (132.79.0) to (132.80.0)
12/11/17 20:16:36 Event: ULOG_SUBMIT for Condor Node B (132.80.0)
12/11/17 20:16:36 Number of idle job procs: 81
12/11/17 20:16:36 Reassigning the id of job B from (132.80.0) to (132.81.0)
12/11/17 20:16:36 Event: ULOG_SUBMIT for Condor Node B (132.81.0)
12/11/17 20:16:36 Number of idle job procs: 82
12/11/17 20:16:36 Reassigning the id of job B from (132.81.0) to (132.82.0)
12/11/17 20:16:36 Event: ULOG_SUBMIT for Condor Node B (132.82.0)
12/11/17 20:16:36 Number of idle job procs: 83
12/11/17 20:16:36 Reassigning the id of job B from (132.82.0) to (132.83.0)
12/11/17 20:16:36 Event: ULOG_SUBMIT for Condor Node B (132.83.0)
12/11/17 20:16:36 Number of idle job procs: 84
12/11/17 20:16:36 Reassigning the id of job B from (132.83.0) to (132.84.0)
12/11/17 20:16:36 Event: ULOG_SUBMIT for Condor Node B (132.84.0)
12/11/17 20:16:36 Number of idle job procs: 85
12/11/17 20:16:36 Reassigning the id of job B from (132.84.0) to (132.85.0)
12/11/17 20:16:36 Event: ULOG_SUBMIT for Condor Node B (132.85.0)
12/11/17 20:16:36 Number of idle job procs: 86
12/11/17 20:16:36 Reassigning the id of job B from (132.85.0) to (132.86.0)
12/11/17 20:16:36 Event: ULOG_SUBMIT for Condor Node B (132.86.0)
12/11/17 20:16:36 Number of idle job procs: 87
12/11/17 20:16:36 Reassigning the id of job B from (132.86.0) to (132.87.0)
12/11/17 20:16:36 Event: ULOG_SUBMIT for Condor Node B (132.87.0)
12/11/17 20:16:36 Number of idle job procs: 88
12/11/17 20:16:36 Reassigning the id of job B from (132.87.0) to (132.88.0)
12/11/17 20:16:36 Event: ULOG_SUBMIT for Condor Node B (132.88.0)
12/11/17 20:16:36 Number of idle job procs: 89
12/11/17 20:16:36 Reassigning the id of job B from (132.88.0) to (132.89.0)
12/11/17 20:16:36 Event: ULOG_SUBMIT for Condor Node B (132.89.0)
12/11/17 20:16:36 Number of idle job procs: 90
12/11/17 20:16:36 DAG status: 0 (DAG_STATUS_OK)
12/11/17 20:16:36 Of 4 nodes total:
12/11/17 20:16:36  Done     Pre   Queued    Post   Ready   Un-Ready   Failed
12/11/17 20:16:36   ===     ===      ===     ===     ===        ===      ===
12/11/17 20:16:36     1       0        1       0       0          2        0
12/11/17 20:16:36 0 job proc(s) currently held
12/11/17 20:16:41 Currently monitoring 1 Condor log file(s)
12/11/17 20:16:41 Event: ULOG_EXECUTE for Condor Node B (132.0.0)
12/11/17 20:16:41 Number of idle job procs: 89
12/11/17 20:16:41 Event: ULOG_JOB_TERMINATED for Condor Node B (132.0.0)
12/11/17 20:16:41 Number of idle job procs: 89
12/11/17 20:16:41 Node B job proc (132.0.0) completed successfully.
12/11/17 20:16:41 Event: ULOG_EXECUTE for Condor Node B (132.1.0)
12/11/17 20:16:41 Number of idle job procs: 88
12/11/17 20:16:41 Event: ULOG_JOB_TERMINATED for Condor Node B (132.1.0)
12/11/17 20:16:41 Number of idle job procs: 88
12/11/17 20:16:41 Node B job proc (132.1.0) completed successfully.
12/11/17 20:16:46 Currently monitoring 1 Condor log file(s)
12/11/17 20:16:46 Event: ULOG_EXECUTE for Condor Node B (132.2.0)
12/11/17 20:16:46 Number of idle job procs: 87
12/11/17 20:16:46 Event: ULOG_JOB_TERMINATED for Condor Node B (132.2.0)
12/11/17 20:16:46 Number of idle job procs: 87
12/11/17 20:16:46 Node B job proc (132.2.0) completed successfully.
12/11/17 20:16:46 Event: ULOG_EXECUTE for Condor Node B (132.3.0)
12/11/17 20:16:46 Number of idle job procs: 86
12/11/17 20:16:46 Event: ULOG_JOB_TERMINATED for Condor Node B (132.3.0)
12/11/17 20:16:46 Number of idle job procs: 86
12/11/17 20:16:46 Node B job proc (132.3.0) completed successfully.
12/11/17 20:16:46 Event: ULOG_EXECUTE for Condor Node B (132.4.0)
12/11/17 20:16:46 Number of idle job procs: 85
12/11/17 20:16:51 Currently monitoring 1 Condor log file(s)
12/11/17 20:16:51 Event: ULOG_JOB_TERMINATED for Condor Node B (132.4.0)
12/11/17 20:16:51 Number of idle job procs: 85
12/11/17 20:16:51 Node B job proc (132.4.0) completed successfully.
12/11/17 20:16:51 Event: ULOG_EXECUTE for Condor Node B (132.8.0)
12/11/17 20:16:51 Number of idle job procs: 84
12/11/17 20:16:51 Event: ULOG_JOB_TERMINATED for Condor Node B (132.8.0)
12/11/17 20:16:51 Number of idle job procs: 84
12/11/17 20:16:51 Node B job proc (132.8.0) completed successfully.
12/11/17 20:16:51 Event: ULOG_EXECUTE for Condor Node B (132.10.0)
12/11/17 20:16:51 Number of idle job procs: 83
12/11/17 20:16:51 Event: ULOG_JOB_TERMINATED for Condor Node B (132.10.0)
12/11/17 20:16:51 Number of idle job procs: 83
12/11/17 20:16:51 Node B job proc (132.10.0) completed successfully.
12/11/17 20:16:51 Event: ULOG_EXECUTE for Condor Node B (132.11.0)
12/11/17 20:16:51 Number of idle job procs: 82
12/11/17 20:16:51 Event: ULOG_JOB_TERMINATED for Condor Node B (132.11.0)
12/11/17 20:16:51 Number of idle job procs: 82
12/11/17 20:16:51 Node B job proc (132.11.0) completed successfully.
12/11/17 20:16:51 Event: ULOG_EXECUTE for Condor Node B (132.12.0)
12/11/17 20:16:51 Number of idle job procs: 81
12/11/17 20:16:51 Event: ULOG_JOB_TERMINATED for Condor Node B (132.12.0)
12/11/17 20:16:51 Number of idle job procs: 81
12/11/17 20:16:51 Node B job proc (132.12.0) completed successfully.
12/11/17 20:16:51 Event: ULOG_EXECUTE for Condor Node B (132.13.0)
12/11/17 20:16:51 Number of idle job procs: 80
12/11/17 20:16:51 Event: ULOG_JOB_TERMINATED for Condor Node B (132.13.0)
12/11/17 20:16:51 Number of idle job procs: 80
12/11/17 20:16:51 Node B job proc (132.13.0) completed successfully.
12/11/17 20:16:51 Event: ULOG_EXECUTE for Condor Node B (132.14.0)
12/11/17 20:16:51 Number of idle job procs: 79
12/11/17 20:16:51 Event: ULOG_JOB_TERMINATED for Condor Node B (132.14.0)
12/11/17 20:16:51 Number of idle job procs: 79
12/11/17 20:16:51 Node B job proc (132.14.0) completed successfully.
12/11/17 20:16:51 Event: ULOG_EXECUTE for Condor Node B (132.15.0)
12/11/17 20:16:51 Number of idle job procs: 78
12/11/17 20:16:51 Event: ULOG_EXECUTE for Condor Node B (132.5.0)
12/11/17 20:16:51 Number of idle job procs: 77
12/11/17 20:16:51 Event: ULOG_EXECUTE for Condor Node B (132.6.0)
12/11/17 20:16:51 Number of idle job procs: 76
12/11/17 20:16:51 Event: ULOG_EXECUTE for Condor Node B (132.7.0)
12/11/17 20:16:51 Number of idle job procs: 75
12/11/17 20:16:51 Event: ULOG_JOB_TERMINATED for Condor Node B (132.15.0)
12/11/17 20:16:51 Number of idle job procs: 75
12/11/17 20:16:51 Node B job proc (132.15.0) completed successfully.
12/11/17 20:16:51 Event: ULOG_EXECUTE for Condor Node B (132.9.0)
12/11/17 20:16:51 Number of idle job procs: 74
12/11/17 20:16:51 Event: ULOG_EXECUTE for Condor Node B (132.16.0)
12/11/17 20:16:51 Number of idle job procs: 73
12/11/17 20:16:51 Event: ULOG_JOB_TERMINATED for Condor Node B (132.5.0)
12/11/17 20:16:51 Number of idle job procs: 73
12/11/17 20:16:51 Node B job proc (132.5.0) completed successfully.
12/11/17 20:16:51 Event: ULOG_JOB_TERMINATED for Condor Node B (132.7.0)
12/11/17 20:16:51 Number of idle job procs: 73
12/11/17 20:16:51 Node B job proc (132.7.0) completed successfully.
12/11/17 20:16:51 Event: ULOG_JOB_TERMINATED for Condor Node B (132.16.0)
12/11/17 20:16:51 Number of idle job procs: 73
12/11/17 20:16:51 Node B job proc (132.16.0) completed successfully.
12/11/17 20:16:51 Event: ULOG_EXECUTE for Condor Node B (132.19.0)
12/11/17 20:16:51 Number of idle job procs: 72
12/11/17 20:16:51 Event: ULOG_JOB_TERMINATED for Condor Node B (132.19.0)
12/11/17 20:16:51 Number of idle job procs: 72
12/11/17 20:16:51 Node B job proc (132.19.0) completed successfully.
12/11/17 20:16:51 Event: ULOG_EXECUTE for Condor Node B (132.20.0)
12/11/17 20:16:51 Number of idle job procs: 71
12/11/17 20:16:51 Event: ULOG_JOB_TERMINATED for Condor Node B (132.20.0)
12/11/17 20:16:51 Number of idle job procs: 71
12/11/17 20:16:51 Node B job proc (132.20.0) completed successfully.
12/11/17 20:16:51 Event: ULOG_EXECUTE for Condor Node B (132.21.0)
12/11/17 20:16:51 Number of idle job procs: 70
12/11/17 20:16:51 Event: ULOG_JOB_TERMINATED for Condor Node B (132.21.0)
12/11/17 20:16:51 Number of idle job procs: 70
12/11/17 20:16:51 Node B job proc (132.21.0) completed successfully.
12/11/17 20:16:51 Event: ULOG_EXECUTE for Condor Node B (132.22.0)
12/11/17 20:16:51 Number of idle job procs: 69
12/11/17 20:16:51 Event: ULOG_JOB_TERMINATED for Condor Node B (132.22.0)
12/11/17 20:16:51 Number of idle job procs: 69
12/11/17 20:16:51 Node B job proc (132.22.0) completed successfully.
12/11/17 20:16:51 Event: ULOG_EXECUTE for Condor Node B (132.23.0)
12/11/17 20:16:51 Number of idle job procs: 68
12/11/17 20:16:51 Event: ULOG_JOB_TERMINATED for Condor Node B (132.23.0)
12/11/17 20:16:51 Number of idle job procs: 68
12/11/17 20:16:51 Node B job proc (132.23.0) completed successfully.
12/11/17 20:16:51 Event: ULOG_EXECUTE for Condor Node B (132.24.0)
12/11/17 20:16:51 Number of idle job procs: 67
12/11/17 20:16:51 Event: ULOG_JOB_TERMINATED for Condor Node B (132.6.0)
12/11/17 20:16:51 Number of idle job procs: 67
12/11/17 20:16:51 Node B job proc (132.6.0) completed successfully.
12/11/17 20:16:51 Event: ULOG_JOB_TERMINATED for Condor Node B (132.24.0)
12/11/17 20:16:51 Number of idle job procs: 67
12/11/17 20:16:51 Node B job proc (132.24.0) completed successfully.
12/11/17 20:16:51 Event: ULOG_JOB_TERMINATED for Condor Node B (132.9.0)
12/11/17 20:16:51 Number of idle job procs: 67
12/11/17 20:16:51 Node B job proc (132.9.0) completed successfully.
12/11/17 20:16:51 Event: ULOG_EXECUTE for Condor Node B (132.17.0)
12/11/17 20:16:51 Number of idle job procs: 66
12/11/17 20:16:51 Event: ULOG_EXECUTE for Condor Node B (132.26.0)
12/11/17 20:16:51 Number of idle job procs: 65
12/11/17 20:16:51 Event: ULOG_EXECUTE for Condor Node B (132.18.0)
12/11/17 20:16:51 Number of idle job procs: 64
12/11/17 20:16:51 Event: ULOG_JOB_TERMINATED for Condor Node B (132.26.0)
12/11/17 20:16:51 Number of idle job procs: 64
12/11/17 20:16:51 Node B job proc (132.26.0) completed successfully.
12/11/17 20:16:51 Event: ULOG_JOB_TERMINATED for Condor Node B (132.18.0)
12/11/17 20:16:51 Number of idle job procs: 64
12/11/17 20:16:51 Node B job proc (132.18.0) completed successfully.
12/11/17 20:16:51 Event: ULOG_JOB_TERMINATED for Condor Node B (132.17.0)
12/11/17 20:16:51 Number of idle job procs: 64
12/11/17 20:16:51 Node B job proc (132.17.0) completed successfully.
12/11/17 20:16:51 Event: ULOG_EXECUTE for Condor Node B (132.28.0)
12/11/17 20:16:51 Number of idle job procs: 63
12/11/17 20:16:51 Event: ULOG_JOB_TERMINATED for Condor Node B (132.28.0)
12/11/17 20:16:51 Number of idle job procs: 63
12/11/17 20:16:51 Node B job proc (132.28.0) completed successfully.
12/11/17 20:16:51 Event: ULOG_EXECUTE for Condor Node B (132.31.0)
12/11/17 20:16:51 Number of idle job procs: 62
12/11/17 20:16:51 Event: ULOG_JOB_TERMINATED for Condor Node B (132.31.0)
12/11/17 20:16:51 Number of idle job procs: 62
12/11/17 20:16:51 Node B job proc (132.31.0) completed successfully.
12/11/17 20:16:51 Event: ULOG_EXECUTE for Condor Node B (132.32.0)
12/11/17 20:16:51 Number of idle job procs: 61
12/11/17 20:16:51 Event: ULOG_JOB_TERMINATED for Condor Node B (132.32.0)
12/11/17 20:16:51 Number of idle job procs: 61
12/11/17 20:16:51 Node B job proc (132.32.0) completed successfully.
12/11/17 20:16:51 Event: ULOG_EXECUTE for Condor Node B (132.33.0)
12/11/17 20:16:51 Number of idle job procs: 60
12/11/17 20:16:51 Event: ULOG_JOB_TERMINATED for Condor Node B (132.33.0)
12/11/17 20:16:51 Number of idle job procs: 60
12/11/17 20:16:51 Node B job proc (132.33.0) completed successfully.
12/11/17 20:16:51 Event: ULOG_EXECUTE for Condor Node B (132.34.0)
12/11/17 20:16:51 Number of idle job procs: 59
12/11/17 20:16:51 Event: ULOG_EXECUTE for Condor Node B (132.25.0)
12/11/17 20:16:51 Number of idle job procs: 58
12/11/17 20:16:51 Event: ULOG_JOB_TERMINATED for Condor Node B (132.34.0)
12/11/17 20:16:51 Number of idle job procs: 58
12/11/17 20:16:51 Node B job proc (132.34.0) completed successfully.
12/11/17 20:16:51 Event: ULOG_EXECUTE for Condor Node B (132.27.0)
12/11/17 20:16:51 Number of idle job procs: 57
12/11/17 20:16:51 Event: ULOG_EXECUTE for Condor Node B (132.35.0)
12/11/17 20:16:51 Number of idle job procs: 56
12/11/17 20:16:51 Event: ULOG_JOB_TERMINATED for Condor Node B (132.27.0)
12/11/17 20:16:51 Number of idle job procs: 56
12/11/17 20:16:51 Node B job proc (132.27.0) completed successfully.
12/11/17 20:16:51 Event: ULOG_JOB_TERMINATED for Condor Node B (132.35.0)
12/11/17 20:16:51 Number of idle job procs: 56
12/11/17 20:16:51 Node B job proc (132.35.0) completed successfully.
12/11/17 20:16:51 Event: ULOG_EXECUTE for Condor Node B (132.29.0)
12/11/17 20:16:51 Number of idle job procs: 55
12/11/17 20:16:51 Event: ULOG_EXECUTE for Condor Node B (132.30.0)
12/11/17 20:16:51 Number of idle job procs: 54
12/11/17 20:16:51 Event: ULOG_EXECUTE for Condor Node B (132.37.0)
12/11/17 20:16:51 Number of idle job procs: 53
12/11/17 20:16:51 Event: ULOG_JOB_TERMINATED for Condor Node B (132.37.0)
12/11/17 20:16:51 Number of idle job procs: 53
12/11/17 20:16:51 Node B job proc (132.37.0) completed successfully.
12/11/17 20:16:51 Event: ULOG_EXECUTE for Condor Node B (132.38.0)
12/11/17 20:16:51 Number of idle job procs: 52
12/11/17 20:16:51 Event: ULOG_JOB_TERMINATED for Condor Node B (132.38.0)
12/11/17 20:16:51 Number of idle job procs: 52
12/11/17 20:16:51 Node B job proc (132.38.0) completed successfully.
12/11/17 20:16:51 Event: ULOG_EXECUTE for Condor Node B (132.39.0)
12/11/17 20:16:51 Number of idle job procs: 51
12/11/17 20:16:51 Event: ULOG_JOB_TERMINATED for Condor Node B (132.39.0)
12/11/17 20:16:51 Number of idle job procs: 51
12/11/17 20:16:51 Node B job proc (132.39.0) completed successfully.
12/11/17 20:16:51 Event: ULOG_EXECUTE for Condor Node B (132.40.0)
12/11/17 20:16:51 Number of idle job procs: 50
12/11/17 20:16:51 Event: ULOG_JOB_TERMINATED for Condor Node B (132.40.0)
12/11/17 20:16:51 Number of idle job procs: 50
12/11/17 20:16:51 Node B job proc (132.40.0) completed successfully.
12/11/17 20:16:51 Event: ULOG_EXECUTE for Condor Node B (132.41.0)
12/11/17 20:16:51 Number of idle job procs: 49
12/11/17 20:16:51 Event: ULOG_JOB_TERMINATED for Condor Node B (132.41.0)
12/11/17 20:16:51 Number of idle job procs: 49
12/11/17 20:16:51 Node B job proc (132.41.0) completed successfully.
12/11/17 20:16:51 Event: ULOG_JOB_TERMINATED for Condor Node B (132.25.0)
12/11/17 20:16:51 Number of idle job procs: 49
12/11/17 20:16:51 Node B job proc (132.25.0) completed successfully.
12/11/17 20:16:51 Event: ULOG_EXECUTE for Condor Node B (132.42.0)
12/11/17 20:16:51 Number of idle job procs: 48
12/11/17 20:16:51 Event: ULOG_JOB_TERMINATED for Condor Node B (132.42.0)
12/11/17 20:16:51 Number of idle job procs: 48
12/11/17 20:16:51 Node B job proc (132.42.0) completed successfully.
12/11/17 20:16:51 Event: ULOG_EXECUTE for Condor Node B (132.36.0)
12/11/17 20:16:51 Number of idle job procs: 47
12/11/17 20:16:51 Event: ULOG_EXECUTE for Condor Node B (132.44.0)
12/11/17 20:16:51 Number of idle job procs: 46
12/11/17 20:16:51 Event: ULOG_JOB_TERMINATED for Condor Node B (132.30.0)
12/11/17 20:16:51 Number of idle job procs: 46
12/11/17 20:16:51 Node B job proc (132.30.0) completed successfully.
12/11/17 20:16:51 Event: ULOG_JOB_TERMINATED for Condor Node B (132.29.0)
12/11/17 20:16:51 Number of idle job procs: 46
12/11/17 20:16:51 Node B job proc (132.29.0) completed successfully.
12/11/17 20:16:51 Event: ULOG_JOB_TERMINATED for Condor Node B (132.44.0)
12/11/17 20:16:51 Number of idle job procs: 46
12/11/17 20:16:51 Node B job proc (132.44.0) completed successfully.
12/11/17 20:16:51 Event: ULOG_EXECUTE for Condor Node B (132.47.0)
12/11/17 20:16:51 Number of idle job procs: 45
12/11/17 20:16:56 Currently monitoring 1 Condor log file(s)
12/11/17 20:16:56 Event: ULOG_JOB_TERMINATED for Condor Node B (132.47.0)
12/11/17 20:16:56 Number of idle job procs: 45
12/11/17 20:16:56 Node B job proc (132.47.0) completed successfully.
12/11/17 20:16:56 Event: ULOG_EXECUTE for Condor Node B (132.48.0)
12/11/17 20:16:56 Number of idle job procs: 44
12/11/17 20:16:56 Event: ULOG_JOB_TERMINATED for Condor Node B (132.48.0)
12/11/17 20:16:56 Number of idle job procs: 44
12/11/17 20:16:56 Node B job proc (132.48.0) completed successfully.
12/11/17 20:16:56 Event: ULOG_EXECUTE for Condor Node B (132.49.0)
12/11/17 20:16:56 Number of idle job procs: 43
12/11/17 20:16:56 Event: ULOG_JOB_TERMINATED for Condor Node B (132.49.0)
12/11/17 20:16:56 Number of idle job procs: 43
12/11/17 20:16:56 Node B job proc (132.49.0) completed successfully.
12/11/17 20:16:56 Event: ULOG_EXECUTE for Condor Node B (132.50.0)
12/11/17 20:16:56 Number of idle job procs: 42
12/11/17 20:16:56 Event: ULOG_JOB_TERMINATED for Condor Node B (132.50.0)
12/11/17 20:16:56 Number of idle job procs: 42
12/11/17 20:16:56 Node B job proc (132.50.0) completed successfully.
12/11/17 20:16:56 Event: ULOG_EXECUTE for Condor Node B (132.51.0)
12/11/17 20:16:56 Number of idle job procs: 41
12/11/17 20:16:56 Event: ULOG_EXECUTE for Condor Node B (132.43.0)
12/11/17 20:16:56 Number of idle job procs: 40
12/11/17 20:16:56 Event: ULOG_JOB_TERMINATED for Condor Node B (132.51.0)
12/11/17 20:16:56 Number of idle job procs: 40
12/11/17 20:16:56 Node B job proc (132.51.0) completed successfully.
12/11/17 20:16:56 Event: ULOG_JOB_TERMINATED for Condor Node B (132.43.0)
12/11/17 20:16:56 Number of idle job procs: 40
12/11/17 20:16:56 Node B job proc (132.43.0) completed successfully.
12/11/17 20:16:56 Event: ULOG_EXECUTE for Condor Node B (132.52.0)
12/11/17 20:16:56 Number of idle job procs: 39
12/11/17 20:16:56 Event: ULOG_JOB_TERMINATED for Condor Node B (132.36.0)
12/11/17 20:16:56 Number of idle job procs: 39
12/11/17 20:16:56 Node B job proc (132.36.0) completed successfully.
12/11/17 20:16:56 Event: ULOG_EXECUTE for Condor Node B (132.45.0)
12/11/17 20:16:56 Number of idle job procs: 38
12/11/17 20:16:56 Event: ULOG_EXECUTE for Condor Node B (132.46.0)
12/11/17 20:16:56 Number of idle job procs: 37
12/11/17 20:16:56 Event: ULOG_JOB_TERMINATED for Condor Node B (132.52.0)
12/11/17 20:16:56 Number of idle job procs: 37
12/11/17 20:16:56 Node B job proc (132.52.0) completed successfully.
12/11/17 20:16:56 Event: ULOG_EXECUTE for Condor Node B (132.55.0)
12/11/17 20:16:56 Number of idle job procs: 36
12/11/17 20:16:56 Event: ULOG_JOB_TERMINATED for Condor Node B (132.46.0)
12/11/17 20:16:56 Number of idle job procs: 36
12/11/17 20:16:56 Node B job proc (132.46.0) completed successfully.
12/11/17 20:16:56 Event: ULOG_JOB_TERMINATED for Condor Node B (132.55.0)
12/11/17 20:16:56 Number of idle job procs: 36
12/11/17 20:16:56 Node B job proc (132.55.0) completed successfully.
12/11/17 20:16:56 Event: ULOG_EXECUTE for Condor Node B (132.57.0)
12/11/17 20:16:56 Number of idle job procs: 35
12/11/17 20:16:56 Event: ULOG_JOB_TERMINATED for Condor Node B (132.57.0)
12/11/17 20:16:56 Number of idle job procs: 35
12/11/17 20:16:56 Node B job proc (132.57.0) completed successfully.
12/11/17 20:16:56 Event: ULOG_EXECUTE for Condor Node B (132.58.0)
12/11/17 20:16:56 Number of idle job procs: 34
12/11/17 20:16:56 Event: ULOG_JOB_TERMINATED for Condor Node B (132.58.0)
12/11/17 20:16:56 Number of idle job procs: 34
12/11/17 20:16:56 Node B job proc (132.58.0) completed successfully.
12/11/17 20:16:56 Event: ULOG_EXECUTE for Condor Node B (132.59.0)
12/11/17 20:16:56 Number of idle job procs: 33
12/11/17 20:16:56 Event: ULOG_JOB_TERMINATED for Condor Node B (132.59.0)
12/11/17 20:16:56 Number of idle job procs: 33
12/11/17 20:16:56 Node B job proc (132.59.0) completed successfully.
12/11/17 20:16:56 Event: ULOG_EXECUTE for Condor Node B (132.60.0)
12/11/17 20:16:56 Number of idle job procs: 32
12/11/17 20:16:56 Event: ULOG_EXECUTE for Condor Node B (132.53.0)
12/11/17 20:16:56 Number of idle job procs: 31
12/11/17 20:16:56 Event: ULOG_JOB_TERMINATED for Condor Node B (132.60.0)
12/11/17 20:16:56 Number of idle job procs: 31
12/11/17 20:16:56 Node B job proc (132.60.0) completed successfully.
12/11/17 20:16:56 Event: ULOG_EXECUTE for Condor Node B (132.61.0)
12/11/17 20:16:56 Number of idle job procs: 30
12/11/17 20:16:56 Event: ULOG_EXECUTE for Condor Node B (132.54.0)
12/11/17 20:16:56 Number of idle job procs: 29
12/11/17 20:16:56 Event: ULOG_EXECUTE for Condor Node B (132.56.0)
12/11/17 20:16:56 Number of idle job procs: 28
12/11/17 20:16:56 Event: ULOG_JOB_TERMINATED for Condor Node B (132.45.0)
12/11/17 20:16:56 Number of idle job procs: 28
12/11/17 20:16:56 Node B job proc (132.45.0) completed successfully.
12/11/17 20:16:56 Event: ULOG_JOB_TERMINATED for Condor Node B (132.61.0)
12/11/17 20:16:56 Number of idle job procs: 28
12/11/17 20:16:56 Node B job proc (132.61.0) completed successfully.
12/11/17 20:16:56 Event: ULOG_EXECUTE for Condor Node B (132.63.0)
12/11/17 20:16:56 Number of idle job procs: 27
12/11/17 20:16:56 Event: ULOG_JOB_TERMINATED for Condor Node B (132.63.0)
12/11/17 20:16:56 Number of idle job procs: 27
12/11/17 20:16:56 Node B job proc (132.63.0) completed successfully.
12/11/17 20:16:56 Event: ULOG_EXECUTE for Condor Node B (132.64.0)
12/11/17 20:16:56 Number of idle job procs: 26
12/11/17 20:16:56 Event: ULOG_JOB_TERMINATED for Condor Node B (132.64.0)
12/11/17 20:16:56 Number of idle job procs: 26
12/11/17 20:16:56 Node B job proc (132.64.0) completed successfully.
12/11/17 20:16:56 Event: ULOG_EXECUTE for Condor Node B (132.65.0)
12/11/17 20:16:56 Number of idle job procs: 25
12/11/17 20:16:56 Event: ULOG_JOB_TERMINATED for Condor Node B (132.65.0)
12/11/17 20:16:56 Number of idle job procs: 25
12/11/17 20:16:56 Node B job proc (132.65.0) completed successfully.
12/11/17 20:16:56 Event: ULOG_EXECUTE for Condor Node B (132.66.0)
12/11/17 20:16:56 Number of idle job procs: 24
12/11/17 20:16:56 Event: ULOG_JOB_TERMINATED for Condor Node B (132.53.0)
12/11/17 20:16:56 Number of idle job procs: 24
12/11/17 20:16:56 Node B job proc (132.53.0) completed successfully.
12/11/17 20:16:56 Event: ULOG_JOB_TERMINATED for Condor Node B (132.66.0)
12/11/17 20:16:56 Number of idle job procs: 24
12/11/17 20:16:56 Node B job proc (132.66.0) completed successfully.
12/11/17 20:16:56 Event: ULOG_EXECUTE for Condor Node B (132.68.0)
12/11/17 20:16:56 Number of idle job procs: 23
12/11/17 20:16:56 Event: ULOG_JOB_TERMINATED for Condor Node B (132.68.0)
12/11/17 20:16:56 Number of idle job procs: 23
12/11/17 20:16:56 Node B job proc (132.68.0) completed successfully.
12/11/17 20:16:56 Event: ULOG_EXECUTE for Condor Node B (132.69.0)
12/11/17 20:16:56 Number of idle job procs: 22
12/11/17 20:16:56 Event: ULOG_JOB_TERMINATED for Condor Node B (132.54.0)
12/11/17 20:16:56 Number of idle job procs: 22
12/11/17 20:16:56 Node B job proc (132.54.0) completed successfully.
12/11/17 20:16:56 Event: ULOG_EXECUTE for Condor Node B (132.62.0)
12/11/17 20:16:56 Number of idle job procs: 21
12/11/17 20:16:56 Event: ULOG_JOB_TERMINATED for Condor Node B (132.56.0)
12/11/17 20:16:56 Number of idle job procs: 21
12/11/17 20:16:56 Node B job proc (132.56.0) completed successfully.
12/11/17 20:16:56 Event: ULOG_JOB_TERMINATED for Condor Node B (132.69.0)
12/11/17 20:16:56 Number of idle job procs: 21
12/11/17 20:16:56 Node B job proc (132.69.0) completed successfully.
12/11/17 20:16:56 Event: ULOG_EXECUTE for Condor Node B (132.72.0)
12/11/17 20:16:56 Number of idle job procs: 20
12/11/17 20:16:56 Event: ULOG_JOB_TERMINATED for Condor Node B (132.72.0)
12/11/17 20:16:56 Number of idle job procs: 20
12/11/17 20:16:56 Node B job proc (132.72.0) completed successfully.
12/11/17 20:16:56 Event: ULOG_EXECUTE for Condor Node B (132.73.0)
12/11/17 20:16:56 Number of idle job procs: 19
12/11/17 20:16:56 Event: ULOG_JOB_TERMINATED for Condor Node B (132.73.0)
12/11/17 20:16:56 Number of idle job procs: 19
12/11/17 20:16:56 Node B job proc (132.73.0) completed successfully.
12/11/17 20:16:56 Event: ULOG_EXECUTE for Condor Node B (132.74.0)
12/11/17 20:16:56 Number of idle job procs: 18
12/11/17 20:16:56 Event: ULOG_JOB_TERMINATED for Condor Node B (132.74.0)
12/11/17 20:16:56 Number of idle job procs: 18
12/11/17 20:16:56 Node B job proc (132.74.0) completed successfully.
12/11/17 20:16:56 Event: ULOG_EXECUTE for Condor Node B (132.75.0)
12/11/17 20:16:56 Number of idle job procs: 17
12/11/17 20:16:56 Event: ULOG_EXECUTE for Condor Node B (132.67.0)
12/11/17 20:16:56 Number of idle job procs: 16
12/11/17 20:16:56 Event: ULOG_JOB_TERMINATED for Condor Node B (132.75.0)
12/11/17 20:16:56 Number of idle job procs: 16
12/11/17 20:16:56 Node B job proc (132.75.0) completed successfully.
12/11/17 20:16:56 Event: ULOG_EXECUTE for Condor Node B (132.76.0)
12/11/17 20:16:56 Number of idle job procs: 15
12/11/17 20:16:56 Event: ULOG_JOB_TERMINATED for Condor Node B (132.76.0)
12/11/17 20:16:56 Number of idle job procs: 15
12/11/17 20:16:56 Node B job proc (132.76.0) completed successfully.
12/11/17 20:16:56 Event: ULOG_EXECUTE for Condor Node B (132.77.0)
12/11/17 20:16:56 Number of idle job procs: 14
12/11/17 20:16:56 Event: ULOG_JOB_TERMINATED for Condor Node B (132.77.0)
12/11/17 20:16:56 Number of idle job procs: 14
12/11/17 20:16:56 Node B job proc (132.77.0) completed successfully.
12/11/17 20:16:56 Event: ULOG_EXECUTE for Condor Node B (132.70.0)
12/11/17 20:16:56 Number of idle job procs: 13
12/11/17 20:16:56 Event: ULOG_EXECUTE for Condor Node B (132.78.0)
12/11/17 20:16:56 Number of idle job procs: 12
12/11/17 20:16:56 Event: ULOG_EXECUTE for Condor Node B (132.71.0)
12/11/17 20:16:56 Number of idle job procs: 11
12/11/17 20:16:56 Event: ULOG_JOB_TERMINATED for Condor Node B (132.62.0)
12/11/17 20:16:56 Number of idle job procs: 11
12/11/17 20:16:56 Node B job proc (132.62.0) completed successfully.
12/11/17 20:16:56 Event: ULOG_JOB_TERMINATED for Condor Node B (132.78.0)
12/11/17 20:16:56 Number of idle job procs: 11
12/11/17 20:16:56 Node B job proc (132.78.0) completed successfully.
12/11/17 20:16:56 Event: ULOG_JOB_TERMINATED for Condor Node B (132.71.0)
12/11/17 20:16:56 Number of idle job procs: 11
12/11/17 20:16:56 Node B job proc (132.71.0) completed successfully.
12/11/17 20:16:56 Event: ULOG_EXECUTE for Condor Node B (132.80.0)
12/11/17 20:16:56 Number of idle job procs: 10
12/11/17 20:16:56 Event: ULOG_JOB_TERMINATED for Condor Node B (132.80.0)
12/11/17 20:16:56 Number of idle job procs: 10
12/11/17 20:16:56 Node B job proc (132.80.0) completed successfully.
12/11/17 20:16:56 Event: ULOG_EXECUTE for Condor Node B (132.82.0)
12/11/17 20:16:56 Number of idle job procs: 9
12/11/17 20:17:01 Currently monitoring 1 Condor log file(s)
12/11/17 20:17:01 Event: ULOG_JOB_TERMINATED for Condor Node B (132.82.0)
12/11/17 20:17:01 Number of idle job procs: 9
12/11/17 20:17:01 Node B job proc (132.82.0) completed successfully.
12/11/17 20:17:01 Event: ULOG_EXECUTE for Condor Node B (132.83.0)
12/11/17 20:17:01 Number of idle job procs: 8
12/11/17 20:17:01 Event: ULOG_JOB_TERMINATED for Condor Node B (132.67.0)
12/11/17 20:17:01 Number of idle job procs: 8
12/11/17 20:17:01 Node B job proc (132.67.0) completed successfully.
12/11/17 20:17:01 Event: ULOG_JOB_TERMINATED for Condor Node B (132.83.0)
12/11/17 20:17:01 Number of idle job procs: 8
12/11/17 20:17:01 Node B job proc (132.83.0) completed successfully.
12/11/17 20:17:01 Event: ULOG_EXECUTE for Condor Node B (132.85.0)
12/11/17 20:17:01 Number of idle job procs: 7
12/11/17 20:17:01 Event: ULOG_JOB_TERMINATED for Condor Node B (132.85.0)
12/11/17 20:17:01 Number of idle job procs: 7
12/11/17 20:17:01 Node B job proc (132.85.0) completed successfully.
12/11/17 20:17:01 Event: ULOG_EXECUTE for Condor Node B (132.86.0)
12/11/17 20:17:01 Number of idle job procs: 6
12/11/17 20:17:01 Event: ULOG_JOB_TERMINATED for Condor Node B (132.86.0)
12/11/17 20:17:01 Number of idle job procs: 6
12/11/17 20:17:01 Node B job proc (132.86.0) completed successfully.
12/11/17 20:17:01 Event: ULOG_JOB_TERMINATED for Condor Node B (132.70.0)
12/11/17 20:17:01 Number of idle job procs: 6
12/11/17 20:17:01 Node B job proc (132.70.0) completed successfully.
12/11/17 20:17:01 Event: ULOG_EXECUTE for Condor Node B (132.87.0)
12/11/17 20:17:01 Number of idle job procs: 5
12/11/17 20:17:01 Event: ULOG_EXECUTE for Condor Node B (132.79.0)
12/11/17 20:17:01 Number of idle job procs: 4
12/11/17 20:17:01 Event: ULOG_JOB_TERMINATED for Condor Node B (132.87.0)
12/11/17 20:17:01 Number of idle job procs: 4
12/11/17 20:17:01 Node B job proc (132.87.0) completed successfully.
12/11/17 20:17:01 Event: ULOG_JOB_TERMINATED for Condor Node B (132.79.0)
12/11/17 20:17:01 Number of idle job procs: 4
12/11/17 20:17:01 Node B job proc (132.79.0) completed successfully.
12/11/17 20:17:01 Event: ULOG_EXECUTE for Condor Node B (132.81.0)
12/11/17 20:17:01 Number of idle job procs: 3
12/11/17 20:17:01 Event: ULOG_EXECUTE for Condor Node B (132.89.0)
12/11/17 20:17:01 Number of idle job procs: 2
12/11/17 20:17:01 Event: ULOG_JOB_TERMINATED for Condor Node B (132.89.0)
12/11/17 20:17:01 Number of idle job procs: 2
12/11/17 20:17:01 Node B job proc (132.89.0) completed successfully.
12/11/17 20:17:01 Event: ULOG_EXECUTE for Condor Node B (132.84.0)
12/11/17 20:17:01 Number of idle job procs: 1
12/11/17 20:17:01 Event: ULOG_EXECUTE for Condor Node B (132.88.0)
12/11/17 20:17:01 Number of idle job procs: 0
12/11/17 20:17:01 Event: ULOG_JOB_TERMINATED for Condor Node B (132.81.0)
12/11/17 20:17:01 Number of idle job procs: 0
12/11/17 20:17:01 Node B job proc (132.81.0) completed successfully.
12/11/17 20:17:01 Event: ULOG_JOB_TERMINATED for Condor Node B (132.84.0)
12/11/17 20:17:01 Number of idle job procs: 0
12/11/17 20:17:01 Node B job proc (132.84.0) completed successfully.
12/11/17 20:17:01 Event: ULOG_JOB_TERMINATED for Condor Node B (132.88.0)
12/11/17 20:17:01 Number of idle job procs: 0
12/11/17 20:17:01 Node B job proc (132.88.0) completed successfully.
12/11/17 20:17:01 Node B job completed
12/11/17 20:17:01 DAG status: 0 (DAG_STATUS_OK)
12/11/17 20:17:01 Of 4 nodes total:
12/11/17 20:17:01  Done     Pre   Queued    Post   Ready   Un-Ready   Failed
12/11/17 20:17:01   ===     ===      ===     ===     ===        ===      ===
12/11/17 20:17:01     2       0        0       0       1          1        0
12/11/17 20:17:01 0 job proc(s) currently held
12/11/17 20:17:06 Submitting Condor Node C job(s)...
12/11/17 20:17:06 Adding a DAGMan workflow log /home/ubuntu/project/./audiotrack.dag.nodes.log
12/11/17 20:17:06 Masking the events recorded in the DAGMAN workflow log
12/11/17 20:17:06 Mask for workflow log is 0,1,2,4,5,7,9,10,11,12,13,16,17,24,27
12/11/17 20:17:06 submitting: /usr/bin/condor_submit -a dag_node_name' '=' 'C -a +DAGManJobId' '=' '130 -a DAGManJobId' '=' '130 -a submit_event_notes' '=' 'DAG' 'Node:' 'C -a dagman_log' '=' '/home/ubuntu/project/./audiotrack.dag.nodes.log -a +DAGManNodesMask' '=' '"0,1,2,4,5,7,9,10,11,12,13,16,17,24,27" -a DAG_STATUS' '=' '0 -a FAILED_COUNT' '=' '0 -a +DAGParentNodeNames' '=' '"B" -a +KeepClaimIdle' '=' '20 -a notification' '=' 'never copy.submit
12/11/17 20:17:06 From submit: Submitting job(s).
12/11/17 20:17:06 From submit: 1 job(s) submitted to cluster 133.
12/11/17 20:17:06 	assigned Condor ID (133.0.0)
12/11/17 20:17:06 Just submitted 1 job this cycle...
12/11/17 20:17:06 Currently monitoring 1 Condor log file(s)
12/11/17 20:17:06 Reassigning the id of job C from (133.0.0) to (133.0.0)
12/11/17 20:17:06 Event: ULOG_SUBMIT for Condor Node C (133.0.0)
12/11/17 20:17:06 Number of idle job procs: 1
12/11/17 20:17:06 DAG status: 0 (DAG_STATUS_OK)
12/11/17 20:17:06 Of 4 nodes total:
12/11/17 20:17:06  Done     Pre   Queued    Post   Ready   Un-Ready   Failed
12/11/17 20:17:06   ===     ===      ===     ===     ===        ===      ===
12/11/17 20:17:06     2       0        1       0       0          1        0
12/11/17 20:17:06 0 job proc(s) currently held
12/11/17 20:17:11 Currently monitoring 1 Condor log file(s)
12/11/17 20:17:11 Event: ULOG_EXECUTE for Condor Node C (133.0.0)
12/11/17 20:17:11 Number of idle job procs: 0
12/11/17 20:17:11 Event: ULOG_JOB_TERMINATED for Condor Node C (133.0.0)
12/11/17 20:17:11 Number of idle job procs: 0
12/11/17 20:17:11 Node C job proc (133.0.0) completed successfully.
12/11/17 20:17:11 Node C job completed
12/11/17 20:17:11 DAG status: 0 (DAG_STATUS_OK)
12/11/17 20:17:11 Of 4 nodes total:
12/11/17 20:17:11  Done     Pre   Queued    Post   Ready   Un-Ready   Failed
12/11/17 20:17:11   ===     ===      ===     ===     ===        ===      ===
12/11/17 20:17:11     3       0        0       0       1          0        0
12/11/17 20:17:11 0 job proc(s) currently held
12/11/17 20:17:16 Submitting Condor Node D job(s)...
12/11/17 20:17:16 Adding a DAGMan workflow log /home/ubuntu/project/./audiotrack.dag.nodes.log
12/11/17 20:17:16 Masking the events recorded in the DAGMAN workflow log
12/11/17 20:17:16 Mask for workflow log is 0,1,2,4,5,7,9,10,11,12,13,16,17,24,27
12/11/17 20:17:16 submitting: /usr/bin/condor_submit -a dag_node_name' '=' 'D -a +DAGManJobId' '=' '130 -a DAGManJobId' '=' '130 -a submit_event_notes' '=' 'DAG' 'Node:' 'D -a dagman_log' '=' '/home/ubuntu/project/./audiotrack.dag.nodes.log -a +DAGManNodesMask' '=' '"0,1,2,4,5,7,9,10,11,12,13,16,17,24,27" -a DAG_STATUS' '=' '0 -a FAILED_COUNT' '=' '0 -a +DAGParentNodeNames' '=' '"C" -a notification' '=' 'never bpmsort.submit
12/11/17 20:17:16 From submit: Submitting job(s).
12/11/17 20:17:16 From submit: 1 job(s) submitted to cluster 134.
12/11/17 20:17:16 	assigned Condor ID (134.0.0)
12/11/17 20:17:16 Just submitted 1 job this cycle...
12/11/17 20:17:16 Currently monitoring 1 Condor log file(s)
12/11/17 20:17:16 Reassigning the id of job D from (134.0.0) to (134.0.0)
12/11/17 20:17:16 Event: ULOG_SUBMIT for Condor Node D (134.0.0)
12/11/17 20:17:16 Number of idle job procs: 1
12/11/17 20:17:16 DAG status: 0 (DAG_STATUS_OK)
12/11/17 20:17:16 Of 4 nodes total:
12/11/17 20:17:16  Done     Pre   Queued    Post   Ready   Un-Ready   Failed
12/11/17 20:17:16   ===     ===      ===     ===     ===        ===      ===
12/11/17 20:17:16     3       0        1       0       0          0        0
12/11/17 20:17:16 0 job proc(s) currently held
12/11/17 20:17:21 Currently monitoring 1 Condor log file(s)
12/11/17 20:17:21 Event: ULOG_EXECUTE for Condor Node D (134.0.0)
12/11/17 20:17:21 Number of idle job procs: 0
12/11/17 20:17:41 Currently monitoring 1 Condor log file(s)
12/11/17 20:17:41 Event: ULOG_JOB_TERMINATED for Condor Node D (134.0.0)
12/11/17 20:17:41 Number of idle job procs: 0
12/11/17 20:17:41 Node D job proc (134.0.0) completed successfully.
12/11/17 20:17:41 Node D job completed
12/11/17 20:17:41 DAG status: 0 (DAG_STATUS_OK)
12/11/17 20:17:41 Of 4 nodes total:
12/11/17 20:17:41  Done     Pre   Queued    Post   Ready   Un-Ready   Failed
12/11/17 20:17:41   ===     ===      ===     ===     ===        ===      ===
12/11/17 20:17:41     4       0        0       0       0          0        0
12/11/17 20:17:41 0 job proc(s) currently held
12/11/17 20:17:41 All jobs Completed!
12/11/17 20:17:41 Note: 0 total job deferrals because of -MaxJobs limit (0)
12/11/17 20:17:41 Note: 0 total job deferrals because of -MaxIdle limit (1000)
12/11/17 20:17:41 Note: 0 total job deferrals because of node category throttles
12/11/17 20:17:41 Note: 0 total PRE script deferrals because of -MaxPre limit (20) or DEFER
12/11/17 20:17:41 Note: 0 total POST script deferrals because of -MaxPost limit (20) or DEFER
12/11/17 20:17:41 DAG status: 0 (DAG_STATUS_OK)
12/11/17 20:17:41 Of 4 nodes total:
12/11/17 20:17:41  Done     Pre   Queued    Post   Ready   Un-Ready   Failed
12/11/17 20:17:41   ===     ===      ===     ===     ===        ===      ===
12/11/17 20:17:41     4       0        0       0       0          0        0
12/11/17 20:17:41 0 job proc(s) currently held
12/11/17 20:17:41 Wrote metrics file audiotrack.dag.metrics.
12/11/17 20:17:41 Metrics not sent because of PEGASUS_METRICS or CONDOR_DEVELOPERS setting.
12/11/17 20:17:41 **** condor_scheduniv_exec.130.0 (condor_DAGMAN) pid 1105611 EXITING WITH STATUS 0
