000 (131.000.000) 12/11 20:16:11 Job submitted from host: <10.71.107.50:32509?addrs=10.71.107.50-32509>
    DAG Node: A
...
001 (131.000.000) 12/11 20:16:27 Job executing on host: <10.71.107.52:39814?addrs=10.71.107.52-39814>
...
006 (131.000.000) 12/11 20:16:27 Image size of job updated: 1
	0  -  MemoryUsage of job (MB)
	0  -  ResidentSetSize of job (KB)
...
005 (131.000.000) 12/11 20:16:28 Job terminated.
	(1) Normal termination (return value 0)
		Usr 0 00:00:00, Sys 0 00:00:00  -  Run Remote Usage
		Usr 0 00:00:00, Sys 0 00:00:00  -  Run Local Usage
		Usr 0 00:00:00, Sys 0 00:00:00  -  Total Remote Usage
		Usr 0 00:00:00, Sys 0 00:00:00  -  Total Local Usage
	0  -  Run Bytes Sent By Job
	540  -  Run Bytes Received By Job
	0  -  Total Bytes Sent By Job
	540  -  Total Bytes Received By Job
	Partitionable Resources :    Usage  Request Allocated
	   Cpus                 :                 1         1
	   Disk (KB)            :        9        1  39957326
	   Memory (MB)          :        0        1      1869
...
