000 (107.022.000) 12/11 19:08:25 Job submitted from host: <10.71.107.50:32509?addrs=10.71.107.50-32509>
...
001 (107.022.000) 12/11 19:08:29 Job executing on host: <10.71.107.52:39814?addrs=10.71.107.52-39814>
...
006 (107.022.000) 12/11 19:08:29 Image size of job updated: 18052
	0  -  MemoryUsage of job (MB)
	0  -  ResidentSetSize of job (KB)
...
005 (107.022.000) 12/11 19:08:29 Job terminated.
	(1) Normal termination (return value 0)
		Usr 0 00:00:00, Sys 0 00:00:00  -  Run Remote Usage
		Usr 0 00:00:00, Sys 0 00:00:00  -  Run Local Usage
		Usr 0 00:00:00, Sys 0 00:00:00  -  Total Remote Usage
		Usr 0 00:00:00, Sys 0 00:00:00  -  Total Local Usage
	5  -  Run Bytes Sent By Job
	886  -  Run Bytes Received By Job
	5  -  Total Bytes Sent By Job
	886  -  Total Bytes Received By Job
	Partitionable Resources :    Usage  Request Allocated
	   Cpus                 :                 1         1
	   Disk (KB)            :        9        1  39957567
	   Memory (MB)          :        0        1      1869
...
009 (106.022.000) 12/11 19:08:40 Job was aborted by the user.
	via condor_rm (by user ubuntu)
...
000 (108.022.000) 12/11 19:09:19 Job submitted from host: <10.71.107.50:32509?addrs=10.71.107.50-32509>
...
001 (108.022.000) 12/11 19:09:23 Job executing on host: <10.71.107.52:39814?addrs=10.71.107.52-39814>
...
006 (108.022.000) 12/11 19:09:23 Image size of job updated: 18052
	0  -  MemoryUsage of job (MB)
	0  -  ResidentSetSize of job (KB)
...
005 (108.022.000) 12/11 19:09:23 Job terminated.
	(1) Normal termination (return value 0)
		Usr 0 00:00:00, Sys 0 00:00:00  -  Run Remote Usage
		Usr 0 00:00:00, Sys 0 00:00:00  -  Run Local Usage
		Usr 0 00:00:00, Sys 0 00:00:00  -  Total Remote Usage
		Usr 0 00:00:00, Sys 0 00:00:00  -  Total Local Usage
	5  -  Run Bytes Sent By Job
	886  -  Run Bytes Received By Job
	5  -  Total Bytes Sent By Job
	886  -  Total Bytes Received By Job
	Partitionable Resources :    Usage  Request Allocated
	   Cpus                 :                 1         1
	   Disk (KB)            :        9        1  39957502
	   Memory (MB)          :        0        1      1869
...
000 (109.022.000) 12/11 19:12:10 Job submitted from host: <10.71.107.50:32509?addrs=10.71.107.50-32509>
...
001 (109.022.000) 12/11 19:12:14 Job executing on host: <10.71.107.52:39814?addrs=10.71.107.52-39814>
...
006 (109.022.000) 12/11 19:12:14 Image size of job updated: 67488
	0  -  MemoryUsage of job (MB)
	0  -  ResidentSetSize of job (KB)
...
005 (109.022.000) 12/11 19:12:15 Job terminated.
	(1) Normal termination (return value 0)
		Usr 0 00:00:00, Sys 0 00:00:00  -  Run Remote Usage
		Usr 0 00:00:00, Sys 0 00:00:00  -  Run Local Usage
		Usr 0 00:00:00, Sys 0 00:00:00  -  Total Remote Usage
		Usr 0 00:00:00, Sys 0 00:00:00  -  Total Local Usage
	5  -  Run Bytes Sent By Job
	886  -  Run Bytes Received By Job
	5  -  Total Bytes Sent By Job
	886  -  Total Bytes Received By Job
	Partitionable Resources :    Usage  Request Allocated
	   Cpus                 :                 1         1
	   Disk (KB)            :        9        1  39957440
	   Memory (MB)          :        0        1      1869
...
000 (110.022.000) 12/11 19:19:24 Job submitted from host: <10.71.107.50:32509?addrs=10.71.107.50-32509>
...
001 (110.022.000) 12/11 19:19:35 Job executing on host: <10.71.107.52:39814?addrs=10.71.107.52-39814>
...
006 (110.022.000) 12/11 19:19:35 Image size of job updated: 18052
	0  -  MemoryUsage of job (MB)
	0  -  ResidentSetSize of job (KB)
...
005 (110.022.000) 12/11 19:19:35 Job terminated.
	(1) Normal termination (return value 0)
		Usr 0 00:00:00, Sys 0 00:00:00  -  Run Remote Usage
		Usr 0 00:00:00, Sys 0 00:00:00  -  Run Local Usage
		Usr 0 00:00:00, Sys 0 00:00:00  -  Total Remote Usage
		Usr 0 00:00:00, Sys 0 00:00:00  -  Total Local Usage
	5  -  Run Bytes Sent By Job
	886  -  Run Bytes Received By Job
	5  -  Total Bytes Sent By Job
	886  -  Total Bytes Received By Job
	Partitionable Resources :    Usage  Request Allocated
	   Cpus                 :                 1         1
	   Disk (KB)            :        9        1  39957378
	   Memory (MB)          :        0        1      1869
...
000 (115.022.000) 12/11 19:25:43 Job submitted from host: <10.71.107.50:32509?addrs=10.71.107.50-32509>
    DAG Node: B
...
001 (115.022.000) 12/11 19:25:54 Job executing on host: <10.71.107.50:18065?addrs=10.71.107.50-18065>
...
006 (115.022.000) 12/11 19:25:54 Image size of job updated: 1
	0  -  MemoryUsage of job (MB)
	0  -  ResidentSetSize of job (KB)
...
005 (115.022.000) 12/11 19:25:54 Job terminated.
	(1) Normal termination (return value 0)
		Usr 0 00:00:00, Sys 0 00:00:00  -  Run Remote Usage
		Usr 0 00:00:00, Sys 0 00:00:00  -  Run Local Usage
		Usr 0 00:00:00, Sys 0 00:00:00  -  Total Remote Usage
		Usr 0 00:00:00, Sys 0 00:00:00  -  Total Local Usage
	0  -  Run Bytes Sent By Job
	0  -  Run Bytes Received By Job
	0  -  Total Bytes Sent By Job
	0  -  Total Bytes Received By Job
	Partitionable Resources :    Usage  Request Allocated
	   Cpus                 :                 1         1
	   Disk (KB)            :        1        1  37042124
	   Memory (MB)          :        0        1      3699
...
000 (132.022.000) 12/11 20:16:36 Job submitted from host: <10.71.107.50:32509?addrs=10.71.107.50-32509>
    DAG Node: B
...
001 (132.022.000) 12/11 20:16:48 Job executing on host: <10.71.107.50:18065?addrs=10.71.107.50-18065>
...
006 (132.022.000) 12/11 20:16:48 Image size of job updated: 1
	0  -  MemoryUsage of job (MB)
	0  -  ResidentSetSize of job (KB)
...
005 (132.022.000) 12/11 20:16:48 Job terminated.
	(1) Normal termination (return value 0)
		Usr 0 00:00:00, Sys 0 00:00:00  -  Run Remote Usage
		Usr 0 00:00:00, Sys 0 00:00:00  -  Run Local Usage
		Usr 0 00:00:00, Sys 0 00:00:00  -  Total Remote Usage
		Usr 0 00:00:00, Sys 0 00:00:00  -  Total Local Usage
	0  -  Run Bytes Sent By Job
	0  -  Run Bytes Received By Job
	0  -  Total Bytes Sent By Job
	0  -  Total Bytes Received By Job
	Partitionable Resources :    Usage  Request Allocated
	   Cpus                 :                 1         1
	   Disk (KB)            :        1        1  36962840
	   Memory (MB)          :        0        1      3699
...
